app/build/intermediates/manifest_merge_blame_file/debug/manifest-merger-blame-debug-report.txt
1<?xml version="1.0" encoding="utf-8"?>
2<manifest xmlns:android="http://schemas.android.com/apk/res/android"
3    package="com.example.ccd"
4    android:versionCode="1"
5    android:versionName="1.0" >
6
7    <uses-sdk
8        android:minSdkVersion="24"
8-->src\main\AndroidManifest.xml
9        android:targetSdkVersion="29" />
9-->src\main\AndroidManifest.xml
10
11    <uses-permission android:name="android.permission.INTERNET" />
11-->src\main\AndroidManifest.xml:5:5-66
11-->src\main\AndroidManifest.xml:5:22-64
12
13    <application
13-->src\main\AndroidManifest.xml:6:5-71:19
14        android:allowBackup="true"
14-->src\main\AndroidManifest.xml:7:9-35
15        android:appComponentFactory="androidx.core.app.CoreComponentFactory"
15-->[androidx.core:core:1.3.1] AndroidManifest.xml:24:18-86
16        android:debuggable="true"
17        android:extractNativeLibs="false"
18        android:icon="@mipmap/ic_launcher"
18-->src\main\AndroidManifest.xml:8:9-43
19        android:label="@string/app_name"
19-->src\main\AndroidManifest.xml:9:9-41
20        android:roundIcon="@mipmap/ic_launcher_round"
20-->src\main\AndroidManifest.xml:10:9-54
21        android:supportsRtl="true"
21-->src\main\AndroidManifest.xml:11:9-35
22        android:testOnly="true"
23        android:theme="@style/AppTheme"
23-->src\main\AndroidManifest.xml:13:9-40
24        android:usesCleartextTraffic="true" >
24-->src\main\AndroidManifest.xml:12:9-44
25        <activity android:name="com.example.ccd.lookupVideo" />
25-->src\main\AndroidManifest.xml:14:9-58
25-->src\main\AndroidManifest.xml:14:19-46
26        <activity
26-->src\main\AndroidManifest.xml:15:9-109
27            android:name="com.example.ccd.commentEnrollPopup"
27-->src\main\AndroidManifest.xml:15:19-53
28            android:theme="@android:style/Theme.Dialog" />
28-->src\main\AndroidManifest.xml:15:54-97
29        <activity android:name="com.example.ccd.book_done_lookup" />
29-->src\main\AndroidManifest.xml:16:9-54
29-->src\main\AndroidManifest.xml:16:19-51
30        <activity android:name="com.example.ccd.bookStatusProgressLookup" >
30-->src\main\AndroidManifest.xml:17:9-23:20
30-->src\main\AndroidManifest.xml:17:19-59
31            <intent-filter>
31-->src\main\AndroidManifest.xml:18:13-22:29
32                <action android:name="android.intent.action.MAIN" />
32-->src\main\AndroidManifest.xml:19:17-69
32-->src\main\AndroidManifest.xml:19:25-66
33
34                <category android:name="android.intent.category.LAUNCHER" />
34-->src\main\AndroidManifest.xml:21:17-77
34-->src\main\AndroidManifest.xml:21:27-74
35            </intent-filter>
36        </activity>
37        <activity android:name="com.example.ccd.book_reading_lookup" />
37-->src\main\AndroidManifest.xml:24:9-57
37-->src\main\AndroidManifest.xml:24:19-54
38        <activity android:name="com.example.ccd.forumDisplay" >
38-->src\main\AndroidManifest.xml:25:9-30:20
38-->src\main\AndroidManifest.xml:25:19-47
39
40            <!-- <intent-filter> -->
41            <!-- <action android:name="android.intent.action.MAIN" /> -->
42            <!-- <category android:name="android.intent.category.LAUNCHER" /> -->
43            <!-- </intent-filter> -->
44        </activity>
45        <activity android:name="com.example.ccd.forumModify" >
45-->src\main\AndroidManifest.xml:31:9-39:20
45-->src\main\AndroidManifest.xml:31:19-46
46
47            <!-- <intent-filter> -->
48            <!-- <action android:name="android.intent.action.MAIN" /> -->
49
50
51            <!-- <category android:name="android.intent.category.LAUNCHER" /> -->
52            <!-- </intent-filter> -->
53        </activity>
54        <activity android:name="com.example.ccd.forumEnroll" />
54-->src\main\AndroidManifest.xml:40:9-49
54-->src\main\AndroidManifest.xml:40:19-46
55        <activity android:name="com.example.ccd.bookInformation" />
55-->src\main\AndroidManifest.xml:41:9-53
55-->src\main\AndroidManifest.xml:41:19-50
56        <activity android:name="com.example.ccd.WordListAdapter" /> <!-- <activity android:name=".bookLookup" /> -->
56-->src\main\AndroidManifest.xml:42:9-53
56-->src\main\AndroidManifest.xml:42:19-50
57        <activity android:name="com.example.ccd.bestsellerLookup" >
57-->src\main\AndroidManifest.xml:43:9-49:20
57-->src\main\AndroidManifest.xml:43:19-51
58
59            <!-- <intent-filter> -->
60            <!-- <action android:name="android.intent.action.MAIN" /> -->
61            <!-- <category android:name="android.intent.category.LAUNCHER" /> -->
62            <!-- </intent-filter> -->
63        </activity> <!-- android:theme="@style/Theme.AppCompat.NoActionBar"> -->
64        <!-- <activity android:name=".MainActivity"> -->
65        <!-- <intent-filter> -->
66        <!-- <action android:name="android.intent.action.MAIN" /> -->
67        <!-- <category android:name="android.intent.category.LAUNCHER" /> -->
68        <!-- </intent-filter> -->
69        <!-- </activity> -->
70        <activity android:name="com.example.ccd.bookLookup" >
70-->src\main\AndroidManifest.xml:56:9-62:20
70-->src\main\AndroidManifest.xml:56:19-45
71
72            <!-- <intent-filter> -->
73            <!-- <action android:name="android.intent.action.MAIN" /> -->
74            <!-- <category android:name="android.intent.category.LAUNCHER" /> -->
75            <!-- </intent-filter> -->
76        </activity>
77        <activity android:name="com.example.ccd.MyInfoManagement" />
77-->src\main\AndroidManifest.xml:63:9-54
77-->src\main\AndroidManifest.xml:63:19-51
78        <activity android:name="com.example.ccd.LikeActivity" >
78-->src\main\AndroidManifest.xml:64:9-70:20
78-->src\main\AndroidManifest.xml:64:19-47
79
80            <!-- <intent-filter> -->
81            <!-- <action android:name="android.intent.action.MAIN" /> -->
82            <!-- <category android:name="android.intent.category.LAUNCHER" /> -->
83            <!-- </intent-filter> -->
84        </activity>
85    </application>
86
87</manifest>